<?xml version="1.0" encoding="UTF-8"?>
<testng-results skipped="0" failed="0" ignored="0" total="0" passed="0">
  <reporter-output>
  </reporter-output>
  <suite name="Command line suite" duration-ms="0" started-at="2017-03-14T04:40:25Z" finished-at="2017-03-14T04:40:25Z">
    <groups>
    </groups>
    <test name="Command line test" duration-ms="0" started-at="2017-03-14T04:40:25Z" finished-at="2017-03-14T04:40:25Z">
      <class name="DataProvider.TestDataHandler">
        <test-method status="PASS" signature="init1()[pri:0, instance:DataProvider.TestDataHandler@6fc6f14e]" name="init1" is-config="true" duration-ms="16" started-at="2017-03-14T10:10:25Z" finished-at="2017-03-14T10:10:25Z">
          <reporter-output>
          </reporter-output>
        </test-method> <!-- init1 -->
        <test-method status="PASS" signature="teardown1()[pri:0, instance:DataProvider.TestDataHandler@6fc6f14e]" name="teardown1" is-config="true" duration-ms="0" started-at="2017-03-14T10:10:25Z" finished-at="2017-03-14T10:10:25Z">
          <reporter-output>
          </reporter-output>
        </test-method> <!-- teardown1 -->
      </class> <!-- DataProvider.TestDataHandler -->
    </test> <!-- Command line test -->
  </suite> <!-- Command line suite -->
</testng-results>
